<?xml version="1.0" encoding="UTF-8"?>
<robot generator="Robot 6.0.1 (Python 3.10.5 on win32)" generated="20221122 11:53:52.367" rpa="false" schemaversion="3">
<suite id="s1" name="Suites">
<suite id="s1-s1" name="Test While Loop Testsuite 24" source="C:\Users\Administrator\PycharmProjects\RFTraining\bin\day2\test_while_loop_testsuite_24.robot">
<test id="s1-s1-t1" name="My While Loop Test 1" line="5">
<kw name="Set Variable" library="BuiltIn">
<var>${i}</var>
<arg>${1}</arg>
<doc>Returns the given values which can then be assigned to a variables.</doc>
<msg timestamp="20221122 11:53:52.583" level="INFO">${i} = 1</msg>
<status status="PASS" starttime="20221122 11:53:52.581" endtime="20221122 11:53:52.583"/>
</kw>
<while condition="${i} &lt;= ${10}">
<iter>
<kw name="Log To Console" library="BuiltIn">
<arg>\nValue is: ${i}</arg>
<doc>Logs the given message to the console.</doc>
<status status="PASS" starttime="20221122 11:53:52.587" endtime="20221122 11:53:52.589"/>
</kw>
<kw name="Evaluate" library="BuiltIn">
<var>${i}</var>
<arg>${i}+${1}</arg>
<doc>Evaluates the given expression in Python and returns the result.</doc>
<msg timestamp="20221122 11:53:52.591" level="INFO">${i} = 2</msg>
<status status="PASS" starttime="20221122 11:53:52.589" endtime="20221122 11:53:52.591"/>
</kw>
<status status="PASS" starttime="20221122 11:53:52.586" endtime="20221122 11:53:52.591"/>
</iter>
<iter>
<kw name="Log To Console" library="BuiltIn">
<arg>\nValue is: ${i}</arg>
<doc>Logs the given message to the console.</doc>
<status status="PASS" starttime="20221122 11:53:52.593" endtime="20221122 11:53:52.595"/>
</kw>
<kw name="Evaluate" library="BuiltIn">
<var>${i}</var>
<arg>${i}+${1}</arg>
<doc>Evaluates the given expression in Python and returns the result.</doc>
<msg timestamp="20221122 11:53:52.598" level="INFO">${i} = 3</msg>
<status status="PASS" starttime="20221122 11:53:52.596" endtime="20221122 11:53:52.598"/>
</kw>
<status status="PASS" starttime="20221122 11:53:52.593" endtime="20221122 11:53:52.598"/>
</iter>
<iter>
<kw name="Log To Console" library="BuiltIn">
<arg>\nValue is: ${i}</arg>
<doc>Logs the given message to the console.</doc>
<status status="PASS" starttime="20221122 11:53:52.601" endtime="20221122 11:53:52.601"/>
</kw>
<kw name="Evaluate" library="BuiltIn">
<var>${i}</var>
<arg>${i}+${1}</arg>
<doc>Evaluates the given expression in Python and returns the result.</doc>
<msg timestamp="20221122 11:53:52.603" level="INFO">${i} = 4</msg>
<status status="PASS" starttime="20221122 11:53:52.602" endtime="20221122 11:53:52.603"/>
</kw>
<status status="PASS" starttime="20221122 11:53:52.600" endtime="20221122 11:53:52.603"/>
</iter>
<iter>
<kw name="Log To Console" library="BuiltIn">
<arg>\nValue is: ${i}</arg>
<doc>Logs the given message to the console.</doc>
<status status="PASS" starttime="20221122 11:53:52.605" endtime="20221122 11:53:52.605"/>
</kw>
<kw name="Evaluate" library="BuiltIn">
<var>${i}</var>
<arg>${i}+${1}</arg>
<doc>Evaluates the given expression in Python and returns the result.</doc>
<msg timestamp="20221122 11:53:52.607" level="INFO">${i} = 5</msg>
<status status="PASS" starttime="20221122 11:53:52.605" endtime="20221122 11:53:52.607"/>
</kw>
<status status="PASS" starttime="20221122 11:53:52.604" endtime="20221122 11:53:52.607"/>
</iter>
<iter>
<kw name="Log To Console" library="BuiltIn">
<arg>\nValue is: ${i}</arg>
<doc>Logs the given message to the console.</doc>
<status status="PASS" starttime="20221122 11:53:52.608" endtime="20221122 11:53:52.609"/>
</kw>
<kw name="Evaluate" library="BuiltIn">
<var>${i}</var>
<arg>${i}+${1}</arg>
<doc>Evaluates the given expression in Python and returns the result.</doc>
<msg timestamp="20221122 11:53:52.610" level="INFO">${i} = 6</msg>
<status status="PASS" starttime="20221122 11:53:52.609" endtime="20221122 11:53:52.610"/>
</kw>
<status status="PASS" starttime="20221122 11:53:52.608" endtime="20221122 11:53:52.611"/>
</iter>
<iter>
<kw name="Log To Console" library="BuiltIn">
<arg>\nValue is: ${i}</arg>
<doc>Logs the given message to the console.</doc>
<status status="PASS" starttime="20221122 11:53:52.612" endtime="20221122 11:53:52.612"/>
</kw>
<kw name="Evaluate" library="BuiltIn">
<var>${i}</var>
<arg>${i}+${1}</arg>
<doc>Evaluates the given expression in Python and returns the result.</doc>
<msg timestamp="20221122 11:53:52.614" level="INFO">${i} = 7</msg>
<status status="PASS" starttime="20221122 11:53:52.613" endtime="20221122 11:53:52.614"/>
</kw>
<status status="PASS" starttime="20221122 11:53:52.611" endtime="20221122 11:53:52.614"/>
</iter>
<iter>
<kw name="Log To Console" library="BuiltIn">
<arg>\nValue is: ${i}</arg>
<doc>Logs the given message to the console.</doc>
<status status="PASS" starttime="20221122 11:53:52.615" endtime="20221122 11:53:52.616"/>
</kw>
<kw name="Evaluate" library="BuiltIn">
<var>${i}</var>
<arg>${i}+${1}</arg>
<doc>Evaluates the given expression in Python and returns the result.</doc>
<msg timestamp="20221122 11:53:52.617" level="INFO">${i} = 8</msg>
<status status="PASS" starttime="20221122 11:53:52.616" endtime="20221122 11:53:52.617"/>
</kw>
<status status="PASS" starttime="20221122 11:53:52.615" endtime="20221122 11:53:52.617"/>
</iter>
<iter>
<kw name="Log To Console" library="BuiltIn">
<arg>\nValue is: ${i}</arg>
<doc>Logs the given message to the console.</doc>
<status status="PASS" starttime="20221122 11:53:52.619" endtime="20221122 11:53:52.619"/>
</kw>
<kw name="Evaluate" library="BuiltIn">
<var>${i}</var>
<arg>${i}+${1}</arg>
<doc>Evaluates the given expression in Python and returns the result.</doc>
<msg timestamp="20221122 11:53:52.621" level="INFO">${i} = 9</msg>
<status status="PASS" starttime="20221122 11:53:52.620" endtime="20221122 11:53:52.621"/>
</kw>
<status status="PASS" starttime="20221122 11:53:52.618" endtime="20221122 11:53:52.621"/>
</iter>
<iter>
<kw name="Log To Console" library="BuiltIn">
<arg>\nValue is: ${i}</arg>
<doc>Logs the given message to the console.</doc>
<status status="PASS" starttime="20221122 11:53:52.623" endtime="20221122 11:53:52.667"/>
</kw>
<kw name="Evaluate" library="BuiltIn">
<var>${i}</var>
<arg>${i}+${1}</arg>
<doc>Evaluates the given expression in Python and returns the result.</doc>
<msg timestamp="20221122 11:53:52.671" level="INFO">${i} = 10</msg>
<status status="PASS" starttime="20221122 11:53:52.668" endtime="20221122 11:53:52.671"/>
</kw>
<status status="PASS" starttime="20221122 11:53:52.622" endtime="20221122 11:53:52.671"/>
</iter>
<iter>
<kw name="Log To Console" library="BuiltIn">
<arg>\nValue is: ${i}</arg>
<doc>Logs the given message to the console.</doc>
<status status="PASS" starttime="20221122 11:53:52.675" endtime="20221122 11:53:52.676"/>
</kw>
<kw name="Evaluate" library="BuiltIn">
<var>${i}</var>
<arg>${i}+${1}</arg>
<doc>Evaluates the given expression in Python and returns the result.</doc>
<msg timestamp="20221122 11:53:52.679" level="INFO">${i} = 11</msg>
<status status="PASS" starttime="20221122 11:53:52.676" endtime="20221122 11:53:52.679"/>
</kw>
<status status="PASS" starttime="20221122 11:53:52.674" endtime="20221122 11:53:52.679"/>
</iter>
<status status="PASS" starttime="20221122 11:53:52.585" endtime="20221122 11:53:52.681"/>
</while>
<doc>Print numbers from 1 to 10</doc>
<status status="PASS" starttime="20221122 11:53:52.579" endtime="20221122 11:53:52.682"/>
</test>
<test id="s1-s1-t2" name="My While Loop Test 2" line="13">
<kw name="Set Variable" library="BuiltIn">
<var>${i}</var>
<arg>${1}</arg>
<doc>Returns the given values which can then be assigned to a variables.</doc>
<msg timestamp="20221122 11:53:52.686" level="INFO">${i} = 1</msg>
<status status="PASS" starttime="20221122 11:53:52.684" endtime="20221122 11:53:52.686"/>
</kw>
<while condition="${i} &lt;= ${10}">
<iter>
<if>
<branch type="IF" condition="${i} == ${5}">
<break>
<status status="NOT RUN" starttime="20221122 11:53:52.690" endtime="20221122 11:53:52.691"/>
</break>
<status status="NOT RUN" starttime="20221122 11:53:52.690" endtime="20221122 11:53:52.691"/>
</branch>
<status status="PASS" starttime="20221122 11:53:52.688" endtime="20221122 11:53:52.691"/>
</if>
<kw name="Log To Console" library="BuiltIn">
<arg>\nValue is: ${i}</arg>
<doc>Logs the given message to the console.</doc>
<status status="PASS" starttime="20221122 11:53:52.691" endtime="20221122 11:53:52.693"/>
</kw>
<kw name="Evaluate" library="BuiltIn">
<var>${i}</var>
<arg>${i}+${1}</arg>
<doc>Evaluates the given expression in Python and returns the result.</doc>
<msg timestamp="20221122 11:53:52.695" level="INFO">${i} = 2</msg>
<status status="PASS" starttime="20221122 11:53:52.693" endtime="20221122 11:53:52.695"/>
</kw>
<status status="PASS" starttime="20221122 11:53:52.688" endtime="20221122 11:53:52.696"/>
</iter>
<iter>
<if>
<branch type="IF" condition="${i} == ${5}">
<break>
<status status="NOT RUN" starttime="20221122 11:53:52.699" endtime="20221122 11:53:52.699"/>
</break>
<status status="NOT RUN" starttime="20221122 11:53:52.698" endtime="20221122 11:53:52.699"/>
</branch>
<status status="PASS" starttime="20221122 11:53:52.697" endtime="20221122 11:53:52.699"/>
</if>
<kw name="Log To Console" library="BuiltIn">
<arg>\nValue is: ${i}</arg>
<doc>Logs the given message to the console.</doc>
<status status="PASS" starttime="20221122 11:53:52.700" endtime="20221122 11:53:52.700"/>
</kw>
<kw name="Evaluate" library="BuiltIn">
<var>${i}</var>
<arg>${i}+${1}</arg>
<doc>Evaluates the given expression in Python and returns the result.</doc>
<msg timestamp="20221122 11:53:52.702" level="INFO">${i} = 3</msg>
<status status="PASS" starttime="20221122 11:53:52.701" endtime="20221122 11:53:52.702"/>
</kw>
<status status="PASS" starttime="20221122 11:53:52.697" endtime="20221122 11:53:52.702"/>
</iter>
<iter>
<if>
<branch type="IF" condition="${i} == ${5}">
<break>
<status status="NOT RUN" starttime="20221122 11:53:52.704" endtime="20221122 11:53:52.704"/>
</break>
<status status="NOT RUN" starttime="20221122 11:53:52.704" endtime="20221122 11:53:52.704"/>
</branch>
<status status="PASS" starttime="20221122 11:53:52.703" endtime="20221122 11:53:52.705"/>
</if>
<kw name="Log To Console" library="BuiltIn">
<arg>\nValue is: ${i}</arg>
<doc>Logs the given message to the console.</doc>
<status status="PASS" starttime="20221122 11:53:52.705" endtime="20221122 11:53:52.705"/>
</kw>
<kw name="Evaluate" library="BuiltIn">
<var>${i}</var>
<arg>${i}+${1}</arg>
<doc>Evaluates the given expression in Python and returns the result.</doc>
<msg timestamp="20221122 11:53:52.707" level="INFO">${i} = 4</msg>
<status status="PASS" starttime="20221122 11:53:52.706" endtime="20221122 11:53:52.707"/>
</kw>
<status status="PASS" starttime="20221122 11:53:52.703" endtime="20221122 11:53:52.708"/>
</iter>
<iter>
<if>
<branch type="IF" condition="${i} == ${5}">
<break>
<status status="NOT RUN" starttime="20221122 11:53:52.711" endtime="20221122 11:53:52.711"/>
</break>
<status status="NOT RUN" starttime="20221122 11:53:52.710" endtime="20221122 11:53:52.711"/>
</branch>
<status status="PASS" starttime="20221122 11:53:52.709" endtime="20221122 11:53:52.711"/>
</if>
<kw name="Log To Console" library="BuiltIn">
<arg>\nValue is: ${i}</arg>
<doc>Logs the given message to the console.</doc>
<status status="PASS" starttime="20221122 11:53:52.712" endtime="20221122 11:53:52.713"/>
</kw>
<kw name="Evaluate" library="BuiltIn">
<var>${i}</var>
<arg>${i}+${1}</arg>
<doc>Evaluates the given expression in Python and returns the result.</doc>
<msg timestamp="20221122 11:53:52.715" level="INFO">${i} = 5</msg>
<status status="PASS" starttime="20221122 11:53:52.713" endtime="20221122 11:53:52.715"/>
</kw>
<status status="PASS" starttime="20221122 11:53:52.709" endtime="20221122 11:53:52.715"/>
</iter>
<iter>
<if>
<branch type="IF" condition="${i} == ${5}">
<break>
<status status="PASS" starttime="20221122 11:53:52.717" endtime="20221122 11:53:52.718"/>
</break>
<status status="PASS" starttime="20221122 11:53:52.717" endtime="20221122 11:53:52.718"/>
</branch>
<status status="PASS" starttime="20221122 11:53:52.716" endtime="20221122 11:53:52.718"/>
</if>
<kw name="Log To Console" library="BuiltIn">
<arg>\nValue is: ${i}</arg>
<doc>Logs the given message to the console.</doc>
<status status="NOT RUN" starttime="20221122 11:53:52.719" endtime="20221122 11:53:52.719"/>
</kw>
<kw name="Evaluate" library="BuiltIn">
<var>${i}</var>
<arg>${i}+${1}</arg>
<doc>Evaluates the given expression in Python and returns the result.</doc>
<status status="NOT RUN" starttime="20221122 11:53:52.719" endtime="20221122 11:53:52.720"/>
</kw>
<status status="PASS" starttime="20221122 11:53:52.716" endtime="20221122 11:53:52.720"/>
</iter>
<status status="PASS" starttime="20221122 11:53:52.687" endtime="20221122 11:53:52.720"/>
</while>
<doc>Print numbers from 1 to 10</doc>
<status status="PASS" starttime="20221122 11:53:52.683" endtime="20221122 11:53:52.721"/>
</test>
<test id="s1-s1-t3" name="My While Loop Test 3" line="25">
<kw name="Set Variable" library="BuiltIn">
<var>${i}</var>
<arg>${1}</arg>
<doc>Returns the given values which can then be assigned to a variables.</doc>
<msg timestamp="20221122 11:53:52.725" level="INFO">${i} = 1</msg>
<status status="PASS" starttime="20221122 11:53:52.723" endtime="20221122 11:53:52.725"/>
</kw>
<while condition="${i} &lt;= ${10}">
<iter>
<if>
<branch type="IF" condition="${i}%${2} != ${0}">
<kw name="Evaluate" library="BuiltIn">
<var>${i}</var>
<arg>${i} + ${1}</arg>
<doc>Evaluates the given expression in Python and returns the result.</doc>
<msg timestamp="20221122 11:53:52.737" level="INFO">${i} = 2</msg>
<status status="PASS" starttime="20221122 11:53:52.735" endtime="20221122 11:53:52.737"/>
</kw>
<continue>
<status status="PASS" starttime="20221122 11:53:52.738" endtime="20221122 11:53:52.738"/>
</continue>
<status status="PASS" starttime="20221122 11:53:52.733" endtime="20221122 11:53:52.739"/>
</branch>
<status status="PASS" starttime="20221122 11:53:52.729" endtime="20221122 11:53:52.739"/>
</if>
<kw name="Log To Console" library="BuiltIn">
<arg>Even Value Is: ${i}</arg>
<doc>Logs the given message to the console.</doc>
<status status="NOT RUN" starttime="20221122 11:53:52.739" endtime="20221122 11:53:52.740"/>
</kw>
<kw name="Evaluate" library="BuiltIn">
<var>${i}</var>
<arg>${i} + ${1}</arg>
<doc>Evaluates the given expression in Python and returns the result.</doc>
<status status="NOT RUN" starttime="20221122 11:53:52.740" endtime="20221122 11:53:52.741"/>
</kw>
<status status="PASS" starttime="20221122 11:53:52.729" endtime="20221122 11:53:52.741"/>
</iter>
<iter>
<if>
<branch type="IF" condition="${i}%${2} != ${0}">
<kw name="Evaluate" library="BuiltIn">
<var>${i}</var>
<arg>${i} + ${1}</arg>
<doc>Evaluates the given expression in Python and returns the result.</doc>
<status status="NOT RUN" starttime="20221122 11:53:52.747" endtime="20221122 11:53:52.747"/>
</kw>
<continue>
<status status="NOT RUN" starttime="20221122 11:53:52.748" endtime="20221122 11:53:52.748"/>
</continue>
<status status="NOT RUN" starttime="20221122 11:53:52.746" endtime="20221122 11:53:52.749"/>
</branch>
<status status="PASS" starttime="20221122 11:53:52.744" endtime="20221122 11:53:52.749"/>
</if>
<kw name="Log To Console" library="BuiltIn">
<arg>Even Value Is: ${i}</arg>
<doc>Logs the given message to the console.</doc>
<status status="PASS" starttime="20221122 11:53:52.749" endtime="20221122 11:53:52.750"/>
</kw>
<kw name="Evaluate" library="BuiltIn">
<var>${i}</var>
<arg>${i} + ${1}</arg>
<doc>Evaluates the given expression in Python and returns the result.</doc>
<msg timestamp="20221122 11:53:52.753" level="INFO">${i} = 3</msg>
<status status="PASS" starttime="20221122 11:53:52.751" endtime="20221122 11:53:52.753"/>
</kw>
<status status="PASS" starttime="20221122 11:53:52.743" endtime="20221122 11:53:52.754"/>
</iter>
<iter>
<if>
<branch type="IF" condition="${i}%${2} != ${0}">
<kw name="Evaluate" library="BuiltIn">
<var>${i}</var>
<arg>${i} + ${1}</arg>
<doc>Evaluates the given expression in Python and returns the result.</doc>
<msg timestamp="20221122 11:53:52.761" level="INFO">${i} = 4</msg>
<status status="PASS" starttime="20221122 11:53:52.759" endtime="20221122 11:53:52.761"/>
</kw>
<continue>
<status status="PASS" starttime="20221122 11:53:52.761" endtime="20221122 11:53:52.762"/>
</continue>
<status status="PASS" starttime="20221122 11:53:52.758" endtime="20221122 11:53:52.762"/>
</branch>
<status status="PASS" starttime="20221122 11:53:52.756" endtime="20221122 11:53:52.762"/>
</if>
<kw name="Log To Console" library="BuiltIn">
<arg>Even Value Is: ${i}</arg>
<doc>Logs the given message to the console.</doc>
<status status="NOT RUN" starttime="20221122 11:53:52.762" endtime="20221122 11:53:52.763"/>
</kw>
<kw name="Evaluate" library="BuiltIn">
<var>${i}</var>
<arg>${i} + ${1}</arg>
<doc>Evaluates the given expression in Python and returns the result.</doc>
<status status="NOT RUN" starttime="20221122 11:53:52.763" endtime="20221122 11:53:52.764"/>
</kw>
<status status="PASS" starttime="20221122 11:53:52.755" endtime="20221122 11:53:52.764"/>
</iter>
<iter>
<if>
<branch type="IF" condition="${i}%${2} != ${0}">
<kw name="Evaluate" library="BuiltIn">
<var>${i}</var>
<arg>${i} + ${1}</arg>
<doc>Evaluates the given expression in Python and returns the result.</doc>
<status status="NOT RUN" starttime="20221122 11:53:52.767" endtime="20221122 11:53:52.767"/>
</kw>
<continue>
<status status="NOT RUN" starttime="20221122 11:53:52.767" endtime="20221122 11:53:52.767"/>
</continue>
<status status="NOT RUN" starttime="20221122 11:53:52.766" endtime="20221122 11:53:52.767"/>
</branch>
<status status="PASS" starttime="20221122 11:53:52.765" endtime="20221122 11:53:52.768"/>
</if>
<kw name="Log To Console" library="BuiltIn">
<arg>Even Value Is: ${i}</arg>
<doc>Logs the given message to the console.</doc>
<status status="PASS" starttime="20221122 11:53:52.768" endtime="20221122 11:53:52.769"/>
</kw>
<kw name="Evaluate" library="BuiltIn">
<var>${i}</var>
<arg>${i} + ${1}</arg>
<doc>Evaluates the given expression in Python and returns the result.</doc>
<msg timestamp="20221122 11:53:52.772" level="INFO">${i} = 5</msg>
<status status="PASS" starttime="20221122 11:53:52.769" endtime="20221122 11:53:52.772"/>
</kw>
<status status="PASS" starttime="20221122 11:53:52.765" endtime="20221122 11:53:52.773"/>
</iter>
<iter>
<if>
<branch type="IF" condition="${i}%${2} != ${0}">
<kw name="Evaluate" library="BuiltIn">
<var>${i}</var>
<arg>${i} + ${1}</arg>
<doc>Evaluates the given expression in Python and returns the result.</doc>
<msg timestamp="20221122 11:53:52.780" level="INFO">${i} = 6</msg>
<status status="PASS" starttime="20221122 11:53:52.779" endtime="20221122 11:53:52.780"/>
</kw>
<continue>
<status status="PASS" starttime="20221122 11:53:52.780" endtime="20221122 11:53:52.781"/>
</continue>
<status status="PASS" starttime="20221122 11:53:52.778" endtime="20221122 11:53:52.781"/>
</branch>
<status status="PASS" starttime="20221122 11:53:52.776" endtime="20221122 11:53:52.782"/>
</if>
<kw name="Log To Console" library="BuiltIn">
<arg>Even Value Is: ${i}</arg>
<doc>Logs the given message to the console.</doc>
<status status="NOT RUN" starttime="20221122 11:53:52.782" endtime="20221122 11:53:52.782"/>
</kw>
<kw name="Evaluate" library="BuiltIn">
<var>${i}</var>
<arg>${i} + ${1}</arg>
<doc>Evaluates the given expression in Python and returns the result.</doc>
<status status="NOT RUN" starttime="20221122 11:53:52.783" endtime="20221122 11:53:52.783"/>
</kw>
<status status="PASS" starttime="20221122 11:53:52.775" endtime="20221122 11:53:52.783"/>
</iter>
<iter>
<if>
<branch type="IF" condition="${i}%${2} != ${0}">
<kw name="Evaluate" library="BuiltIn">
<var>${i}</var>
<arg>${i} + ${1}</arg>
<doc>Evaluates the given expression in Python and returns the result.</doc>
<status status="NOT RUN" starttime="20221122 11:53:52.786" endtime="20221122 11:53:52.786"/>
</kw>
<continue>
<status status="NOT RUN" starttime="20221122 11:53:52.786" endtime="20221122 11:53:52.786"/>
</continue>
<status status="NOT RUN" starttime="20221122 11:53:52.785" endtime="20221122 11:53:52.787"/>
</branch>
<status status="PASS" starttime="20221122 11:53:52.784" endtime="20221122 11:53:52.787"/>
</if>
<kw name="Log To Console" library="BuiltIn">
<arg>Even Value Is: ${i}</arg>
<doc>Logs the given message to the console.</doc>
<status status="PASS" starttime="20221122 11:53:52.787" endtime="20221122 11:53:52.788"/>
</kw>
<kw name="Evaluate" library="BuiltIn">
<var>${i}</var>
<arg>${i} + ${1}</arg>
<doc>Evaluates the given expression in Python and returns the result.</doc>
<msg timestamp="20221122 11:53:52.790" level="INFO">${i} = 7</msg>
<status status="PASS" starttime="20221122 11:53:52.788" endtime="20221122 11:53:52.790"/>
</kw>
<status status="PASS" starttime="20221122 11:53:52.784" endtime="20221122 11:53:52.790"/>
</iter>
<iter>
<if>
<branch type="IF" condition="${i}%${2} != ${0}">
<kw name="Evaluate" library="BuiltIn">
<var>${i}</var>
<arg>${i} + ${1}</arg>
<doc>Evaluates the given expression in Python and returns the result.</doc>
<msg timestamp="20221122 11:53:52.827" level="INFO">${i} = 8</msg>
<status status="PASS" starttime="20221122 11:53:52.795" endtime="20221122 11:53:52.827"/>
</kw>
<continue>
<status status="PASS" starttime="20221122 11:53:52.828" endtime="20221122 11:53:52.828"/>
</continue>
<status status="PASS" starttime="20221122 11:53:52.794" endtime="20221122 11:53:52.828"/>
</branch>
<status status="PASS" starttime="20221122 11:53:52.792" endtime="20221122 11:53:52.829"/>
</if>
<kw name="Log To Console" library="BuiltIn">
<arg>Even Value Is: ${i}</arg>
<doc>Logs the given message to the console.</doc>
<status status="NOT RUN" starttime="20221122 11:53:52.829" endtime="20221122 11:53:52.830"/>
</kw>
<kw name="Evaluate" library="BuiltIn">
<var>${i}</var>
<arg>${i} + ${1}</arg>
<doc>Evaluates the given expression in Python and returns the result.</doc>
<status status="NOT RUN" starttime="20221122 11:53:52.830" endtime="20221122 11:53:52.830"/>
</kw>
<status status="PASS" starttime="20221122 11:53:52.792" endtime="20221122 11:53:52.831"/>
</iter>
<iter>
<if>
<branch type="IF" condition="${i}%${2} != ${0}">
<kw name="Evaluate" library="BuiltIn">
<var>${i}</var>
<arg>${i} + ${1}</arg>
<doc>Evaluates the given expression in Python and returns the result.</doc>
<status status="NOT RUN" starttime="20221122 11:53:52.835" endtime="20221122 11:53:52.835"/>
</kw>
<continue>
<status status="NOT RUN" starttime="20221122 11:53:52.835" endtime="20221122 11:53:52.836"/>
</continue>
<status status="NOT RUN" starttime="20221122 11:53:52.834" endtime="20221122 11:53:52.836"/>
</branch>
<status status="PASS" starttime="20221122 11:53:52.832" endtime="20221122 11:53:52.836"/>
</if>
<kw name="Log To Console" library="BuiltIn">
<arg>Even Value Is: ${i}</arg>
<doc>Logs the given message to the console.</doc>
<status status="PASS" starttime="20221122 11:53:52.836" endtime="20221122 11:53:52.837"/>
</kw>
<kw name="Evaluate" library="BuiltIn">
<var>${i}</var>
<arg>${i} + ${1}</arg>
<doc>Evaluates the given expression in Python and returns the result.</doc>
<msg timestamp="20221122 11:53:52.840" level="INFO">${i} = 9</msg>
<status status="PASS" starttime="20221122 11:53:52.838" endtime="20221122 11:53:52.840"/>
</kw>
<status status="PASS" starttime="20221122 11:53:52.832" endtime="20221122 11:53:52.840"/>
</iter>
<iter>
<if>
<branch type="IF" condition="${i}%${2} != ${0}">
<kw name="Evaluate" library="BuiltIn">
<var>${i}</var>
<arg>${i} + ${1}</arg>
<doc>Evaluates the given expression in Python and returns the result.</doc>
<msg timestamp="20221122 11:53:52.853" level="INFO">${i} = 10</msg>
<status status="PASS" starttime="20221122 11:53:52.849" endtime="20221122 11:53:52.853"/>
</kw>
<continue>
<status status="PASS" starttime="20221122 11:53:52.853" endtime="20221122 11:53:52.854"/>
</continue>
<status status="PASS" starttime="20221122 11:53:52.848" endtime="20221122 11:53:52.855"/>
</branch>
<status status="PASS" starttime="20221122 11:53:52.845" endtime="20221122 11:53:52.855"/>
</if>
<kw name="Log To Console" library="BuiltIn">
<arg>Even Value Is: ${i}</arg>
<doc>Logs the given message to the console.</doc>
<status status="NOT RUN" starttime="20221122 11:53:52.855" endtime="20221122 11:53:52.856"/>
</kw>
<kw name="Evaluate" library="BuiltIn">
<var>${i}</var>
<arg>${i} + ${1}</arg>
<doc>Evaluates the given expression in Python and returns the result.</doc>
<status status="NOT RUN" starttime="20221122 11:53:52.856" endtime="20221122 11:53:52.856"/>
</kw>
<status status="PASS" starttime="20221122 11:53:52.841" endtime="20221122 11:53:52.856"/>
</iter>
<iter>
<if>
<branch type="IF" condition="${i}%${2} != ${0}">
<kw name="Evaluate" library="BuiltIn">
<var>${i}</var>
<arg>${i} + ${1}</arg>
<doc>Evaluates the given expression in Python and returns the result.</doc>
<status status="NOT RUN" starttime="20221122 11:53:52.860" endtime="20221122 11:53:52.861"/>
</kw>
<continue>
<status status="NOT RUN" starttime="20221122 11:53:52.861" endtime="20221122 11:53:52.861"/>
</continue>
<status status="NOT RUN" starttime="20221122 11:53:52.860" endtime="20221122 11:53:52.861"/>
</branch>
<status status="PASS" starttime="20221122 11:53:52.858" endtime="20221122 11:53:52.862"/>
</if>
<kw name="Log To Console" library="BuiltIn">
<arg>Even Value Is: ${i}</arg>
<doc>Logs the given message to the console.</doc>
<status status="PASS" starttime="20221122 11:53:52.862" endtime="20221122 11:53:52.863"/>
</kw>
<kw name="Evaluate" library="BuiltIn">
<var>${i}</var>
<arg>${i} + ${1}</arg>
<doc>Evaluates the given expression in Python and returns the result.</doc>
<msg timestamp="20221122 11:53:52.868" level="INFO">${i} = 11</msg>
<status status="PASS" starttime="20221122 11:53:52.863" endtime="20221122 11:53:52.868"/>
</kw>
<status status="PASS" starttime="20221122 11:53:52.858" endtime="20221122 11:53:52.869"/>
</iter>
<status status="PASS" starttime="20221122 11:53:52.728" endtime="20221122 11:53:52.871"/>
</while>
<doc>using 'continue' print only even numbers</doc>
<status status="PASS" starttime="20221122 11:53:52.722" endtime="20221122 11:53:52.871"/>
</test>
<doc>Based on the condition if we want to execute the loop</doc>
<status status="PASS" starttime="20221122 11:53:52.568" endtime="20221122 11:53:52.873"/>
</suite>
<status status="PASS" starttime="20221122 11:53:52.404" endtime="20221122 11:53:52.876"/>
</suite>
<statistics>
<total>
<stat pass="3" fail="0" skip="0">All Tests</stat>
</total>
<tag>
</tag>
<suite>
<stat pass="3" fail="0" skip="0" id="s1" name="Suites">Suites</stat>
<stat pass="3" fail="0" skip="0" id="s1-s1" name="Test While Loop Testsuite 24">Suites.Test While Loop Testsuite 24</stat>
</suite>
</statistics>
<errors>
</errors>
</robot>
