<?xml version="1.0" encoding="UTF-8"?>
<robot generator="Robot 6.0.1 (Python 3.10.5 on win32)" generated="20221122 11:52:58.723" rpa="false" schemaversion="3">
<suite id="s1" name="Suites">
<suite id="s1-s1" name="Test Selenium Testsuite 30" source="C:\Users\Administrator\PycharmProjects\RFTraining\bin\day2\test_selenium_testsuite_30.robot">
<test id="s1-s1-t1" name="My Invalid Login Test Case" line="8">
<kw name="Open Browser" library="SeleniumLibrary">
<arg>https://www.saucedemo.com/</arg>
<arg>chrome</arg>
<doc>Opens a new browser instance to the optional ``url``.</doc>
<msg timestamp="20221122 11:53:00.206" level="INFO">Opening browser 'chrome' to base url 'https://www.saucedemo.com/'.</msg>
<status status="PASS" starttime="20221122 11:53:00.204" endtime="20221122 11:53:07.690"/>
</kw>
<kw name="Maximize Browser Window" library="SeleniumLibrary">
<doc>Maximizes current browser window.</doc>
<status status="PASS" starttime="20221122 11:53:07.691" endtime="20221122 11:53:07.961"/>
</kw>
<kw name="Input Text" library="SeleniumLibrary">
<arg>name:user-name</arg>
<arg>standard_user</arg>
<doc>Types the given ``text`` into the text field identified by ``locator``.</doc>
<msg timestamp="20221122 11:53:07.965" level="INFO">Typing text 'standard_user' into text field 'name:user-name'.</msg>
<status status="PASS" starttime="20221122 11:53:07.962" endtime="20221122 11:53:09.038"/>
</kw>
<kw name="Input Password" library="SeleniumLibrary">
<arg>name:password</arg>
<arg>xyz</arg>
<doc>Types the given password into the text field identified by ``locator``.</doc>
<msg timestamp="20221122 11:53:09.043" level="INFO">Typing password into text field 'name:password'.</msg>
<msg timestamp="20221122 11:53:09.285" level="INFO">Temporally setting log level to: NONE</msg>
<msg timestamp="20221122 11:53:09.551" level="INFO">Log level changed from NONE to INFO.</msg>
<status status="PASS" starttime="20221122 11:53:09.039" endtime="20221122 11:53:09.551"/>
</kw>
<kw name="Click Button" library="SeleniumLibrary">
<arg>xpath://*[@id="login-button"]</arg>
<doc>Clicks the button identified by ``locator``.</doc>
<msg timestamp="20221122 11:53:09.555" level="INFO">Clicking button 'xpath://*[@id="login-button"]'.</msg>
<status status="PASS" starttime="20221122 11:53:09.552" endtime="20221122 11:53:09.848"/>
</kw>
<kw name="Page Should Contain" library="SeleniumLibrary">
<arg>Epic sadface</arg>
<doc>Verifies that current page contains ``text``.</doc>
<msg timestamp="20221122 11:53:09.956" level="INFO">Current page contains text 'Epic sadface'.</msg>
<status status="PASS" starttime="20221122 11:53:09.849" endtime="20221122 11:53:09.956"/>
</kw>
<kw name="Close Browser" library="SeleniumLibrary">
<doc>Closes the current browser.</doc>
<status status="PASS" starttime="20221122 11:53:09.957" endtime="20221122 11:53:14.169"/>
</kw>
<status status="PASS" starttime="20221122 11:53:00.201" endtime="20221122 11:53:14.170"/>
</test>
<doc>We are testing 'invalid login' for the website 'https://www.saucedemo.com/'
using selenium library</doc>
<meta name="Version 1"/>
<status status="PASS" starttime="20221122 11:52:58.877" endtime="20221122 11:53:14.172"/>
</suite>
<status status="PASS" starttime="20221122 11:52:58.772" endtime="20221122 11:53:14.177"/>
</suite>
<statistics>
<total>
<stat pass="1" fail="0" skip="0">All Tests</stat>
</total>
<tag>
</tag>
<suite>
<stat pass="1" fail="0" skip="0" id="s1" name="Suites">Suites</stat>
<stat pass="1" fail="0" skip="0" id="s1-s1" name="Test Selenium Testsuite 30">Suites.Test Selenium Testsuite 30</stat>
</suite>
</statistics>
<errors>
</errors>
</robot>
