<?xml version="1.0" encoding="UTF-8"?>
<robot generator="Robot 6.0.1 (Python 3.10.5 on win32)" generated="20221122 11:53:20.808" rpa="false" schemaversion="3">
<suite id="s1" name="Suites">
<suite id="s1-s1" name="Test Selenium Testsuite Ver 3 32" source="C:\Users\Administrator\PycharmProjects\RFTraining\bin\day2\test_selenium_testsuite_ver_3_32.robot">
<test id="s1-s1-t1" name="My Test Case" line="10">
<kw name="My Invalid Login Keyword">
<arg>standard_user</arg>
<arg>xyz</arg>
<kw name="Open Browser" library="SeleniumLibrary">
<arg>https://www.saucedemo.com/</arg>
<arg>chrome</arg>
<doc>Opens a new browser instance to the optional ``url``.</doc>
<msg timestamp="20221122 11:53:21.946" level="INFO">Opening browser 'chrome' to base url 'https://www.saucedemo.com/'.</msg>
<status status="PASS" starttime="20221122 11:53:21.944" endtime="20221122 11:53:27.815"/>
</kw>
<kw name="Maximize Browser Window" library="SeleniumLibrary">
<doc>Maximizes current browser window.</doc>
<status status="PASS" starttime="20221122 11:53:27.816" endtime="20221122 11:53:28.086"/>
</kw>
<kw name="Input Text" library="SeleniumLibrary">
<arg>name:user-name</arg>
<arg>${username}</arg>
<doc>Types the given ``text`` into the text field identified by ``locator``.</doc>
<msg timestamp="20221122 11:53:28.091" level="INFO">Typing text 'standard_user' into text field 'name:user-name'.</msg>
<status status="PASS" starttime="20221122 11:53:28.087" endtime="20221122 11:53:28.715"/>
</kw>
<kw name="Input Password" library="SeleniumLibrary">
<arg>name:password</arg>
<arg>${password}</arg>
<doc>Types the given password into the text field identified by ``locator``.</doc>
<msg timestamp="20221122 11:53:28.719" level="INFO">Typing password into text field 'name:password'.</msg>
<msg timestamp="20221122 11:53:28.936" level="INFO">Temporally setting log level to: NONE</msg>
<msg timestamp="20221122 11:53:29.154" level="INFO">Log level changed from NONE to INFO.</msg>
<status status="PASS" starttime="20221122 11:53:28.716" endtime="20221122 11:53:29.155"/>
</kw>
<kw name="Click Button" library="SeleniumLibrary">
<arg>xpath://*[@id="login-button"]</arg>
<doc>Clicks the button identified by ``locator``.</doc>
<msg timestamp="20221122 11:53:29.158" level="INFO">Clicking button 'xpath://*[@id="login-button"]'.</msg>
<status status="PASS" starttime="20221122 11:53:29.155" endtime="20221122 11:53:29.478"/>
</kw>
<kw name="Page Should Contain" library="SeleniumLibrary">
<arg>Epic sadface</arg>
<doc>Verifies that current page contains ``text``.</doc>
<msg timestamp="20221122 11:53:29.618" level="INFO">Current page contains text 'Epic sadface'.</msg>
<status status="PASS" starttime="20221122 11:53:29.485" endtime="20221122 11:53:29.619"/>
</kw>
<status status="PASS" starttime="20221122 11:53:21.942" endtime="20221122 11:53:29.619"/>
</kw>
<status status="PASS" starttime="20221122 11:53:21.937" endtime="20221122 11:53:29.620"/>
</test>
<test id="s1-s1-t2" name="My Test Case" line="10">
<kw name="My Invalid Login Keyword">
<arg>xyz</arg>
<arg>secret_sauce</arg>
<kw name="Open Browser" library="SeleniumLibrary">
<arg>https://www.saucedemo.com/</arg>
<arg>chrome</arg>
<doc>Opens a new browser instance to the optional ``url``.</doc>
<msg timestamp="20221122 11:53:29.637" level="INFO">Opening browser 'chrome' to base url 'https://www.saucedemo.com/'.</msg>
<status status="PASS" starttime="20221122 11:53:29.633" endtime="20221122 11:53:34.278"/>
</kw>
<kw name="Maximize Browser Window" library="SeleniumLibrary">
<doc>Maximizes current browser window.</doc>
<status status="PASS" starttime="20221122 11:53:34.279" endtime="20221122 11:53:34.495"/>
</kw>
<kw name="Input Text" library="SeleniumLibrary">
<arg>name:user-name</arg>
<arg>${username}</arg>
<doc>Types the given ``text`` into the text field identified by ``locator``.</doc>
<msg timestamp="20221122 11:53:34.498" level="INFO">Typing text 'xyz' into text field 'name:user-name'.</msg>
<status status="PASS" starttime="20221122 11:53:34.495" endtime="20221122 11:53:34.930"/>
</kw>
<kw name="Input Password" library="SeleniumLibrary">
<arg>name:password</arg>
<arg>${password}</arg>
<doc>Types the given password into the text field identified by ``locator``.</doc>
<msg timestamp="20221122 11:53:34.934" level="INFO">Typing password into text field 'name:password'.</msg>
<msg timestamp="20221122 11:53:35.116" level="INFO">Temporally setting log level to: NONE</msg>
<msg timestamp="20221122 11:53:35.392" level="INFO">Log level changed from NONE to INFO.</msg>
<status status="PASS" starttime="20221122 11:53:34.931" endtime="20221122 11:53:35.393"/>
</kw>
<kw name="Click Button" library="SeleniumLibrary">
<arg>xpath://*[@id="login-button"]</arg>
<doc>Clicks the button identified by ``locator``.</doc>
<msg timestamp="20221122 11:53:35.396" level="INFO">Clicking button 'xpath://*[@id="login-button"]'.</msg>
<status status="PASS" starttime="20221122 11:53:35.394" endtime="20221122 11:53:35.689"/>
</kw>
<kw name="Page Should Contain" library="SeleniumLibrary">
<arg>Epic sadface</arg>
<doc>Verifies that current page contains ``text``.</doc>
<msg timestamp="20221122 11:53:35.739" level="INFO">Current page contains text 'Epic sadface'.</msg>
<status status="PASS" starttime="20221122 11:53:35.690" endtime="20221122 11:53:35.740"/>
</kw>
<status status="PASS" starttime="20221122 11:53:29.629" endtime="20221122 11:53:35.741"/>
</kw>
<status status="PASS" starttime="20221122 11:53:29.623" endtime="20221122 11:53:35.743"/>
</test>
<test id="s1-s1-t3" name="My Test Case" line="10">
<kw name="My Invalid Login Keyword">
<arg>xyz</arg>
<arg>xyz</arg>
<kw name="Open Browser" library="SeleniumLibrary">
<arg>https://www.saucedemo.com/</arg>
<arg>chrome</arg>
<doc>Opens a new browser instance to the optional ``url``.</doc>
<msg timestamp="20221122 11:53:35.756" level="INFO">Opening browser 'chrome' to base url 'https://www.saucedemo.com/'.</msg>
<status status="PASS" starttime="20221122 11:53:35.754" endtime="20221122 11:53:39.465"/>
</kw>
<kw name="Maximize Browser Window" library="SeleniumLibrary">
<doc>Maximizes current browser window.</doc>
<status status="PASS" starttime="20221122 11:53:39.466" endtime="20221122 11:53:39.697"/>
</kw>
<kw name="Input Text" library="SeleniumLibrary">
<arg>name:user-name</arg>
<arg>${username}</arg>
<doc>Types the given ``text`` into the text field identified by ``locator``.</doc>
<msg timestamp="20221122 11:53:39.700" level="INFO">Typing text 'xyz' into text field 'name:user-name'.</msg>
<status status="PASS" starttime="20221122 11:53:39.697" endtime="20221122 11:53:40.127"/>
</kw>
<kw name="Input Password" library="SeleniumLibrary">
<arg>name:password</arg>
<arg>${password}</arg>
<doc>Types the given password into the text field identified by ``locator``.</doc>
<msg timestamp="20221122 11:53:40.131" level="INFO">Typing password into text field 'name:password'.</msg>
<msg timestamp="20221122 11:53:40.297" level="INFO">Temporally setting log level to: NONE</msg>
<msg timestamp="20221122 11:53:40.532" level="INFO">Log level changed from NONE to INFO.</msg>
<status status="PASS" starttime="20221122 11:53:40.128" endtime="20221122 11:53:40.532"/>
</kw>
<kw name="Click Button" library="SeleniumLibrary">
<arg>xpath://*[@id="login-button"]</arg>
<doc>Clicks the button identified by ``locator``.</doc>
<msg timestamp="20221122 11:53:40.536" level="INFO">Clicking button 'xpath://*[@id="login-button"]'.</msg>
<status status="PASS" starttime="20221122 11:53:40.533" endtime="20221122 11:53:40.811"/>
</kw>
<kw name="Page Should Contain" library="SeleniumLibrary">
<arg>Epic sadface</arg>
<doc>Verifies that current page contains ``text``.</doc>
<msg timestamp="20221122 11:53:40.860" level="INFO">Current page contains text 'Epic sadface'.</msg>
<status status="PASS" starttime="20221122 11:53:40.812" endtime="20221122 11:53:40.861"/>
</kw>
<status status="PASS" starttime="20221122 11:53:35.752" endtime="20221122 11:53:40.862"/>
</kw>
<status status="PASS" starttime="20221122 11:53:35.746" endtime="20221122 11:53:40.864"/>
</test>
<doc>We are testing 'invalid login' for the website 'https://www.saucedemo.com/'
using selenium library</doc>
<meta name="Version 3"/>
<status status="PASS" starttime="20221122 11:53:20.998" endtime="20221122 11:53:40.868"/>
</suite>
<status status="PASS" starttime="20221122 11:53:20.876" endtime="20221122 11:53:40.875"/>
</suite>
<statistics>
<total>
<stat pass="3" fail="0" skip="0">All Tests</stat>
</total>
<tag>
</tag>
<suite>
<stat pass="3" fail="0" skip="0" id="s1" name="Suites">Suites</stat>
<stat pass="3" fail="0" skip="0" id="s1-s1" name="Test Selenium Testsuite Ver 3 32">Suites.Test Selenium Testsuite Ver 3 32</stat>
</suite>
</statistics>
<errors>
<msg timestamp="20221122 11:53:29.622" level="WARN">Multiple tests with name 'My Test Case' executed in suite 'Suites.Test Selenium Testsuite Ver 3 32'.</msg>
<msg timestamp="20221122 11:53:35.745" level="WARN">Multiple tests with name 'My Test Case' executed in suite 'Suites.Test Selenium Testsuite Ver 3 32'.</msg>
</errors>
</robot>
