<?xml version="1.0" encoding="UTF-8"?>
<robot generator="Robot 6.0.1 (Python 3.10.5 on win32)" generated="20221122 11:52:53.660" rpa="false" schemaversion="3">
<suite id="s1" name="Suites">
<suite id="s1-s1" name="Test Mylib1 Testsuite 21" source="C:\Users\Administrator\PycharmProjects\RFTraining\bin\day2\test_mylib1_testsuite_21.robot">
<test id="s1-s1-t1" name="My Lib1 Test Case" line="6">
<kw name="My Add Func" library="mylib1">
<var>${add_result}</var>
<arg>${10}</arg>
<arg>${20}</arg>
<msg timestamp="20221122 11:52:53.856" level="INFO">${add_result} = 30</msg>
<status status="PASS" starttime="20221122 11:52:53.848" endtime="20221122 11:52:53.856"/>
</kw>
<kw name="My Sub Func" library="mylib1">
<var>${sub_result}</var>
<arg>${10}</arg>
<arg>${20}</arg>
<msg timestamp="20221122 11:52:53.881" level="INFO">${sub_result} = -10</msg>
<status status="PASS" starttime="20221122 11:52:53.857" endtime="20221122 11:52:53.881"/>
</kw>
<kw name="Log To Console" library="BuiltIn">
<arg>\nAdd result is: ${add_result}</arg>
<doc>Logs the given message to the console.</doc>
<status status="PASS" starttime="20221122 11:52:53.888" endtime="20221122 11:52:53.891"/>
</kw>
<kw name="Log To Console" library="BuiltIn">
<arg>\nSub result is: ${sub_result}</arg>
<doc>Logs the given message to the console.</doc>
<status status="PASS" starttime="20221122 11:52:53.891" endtime="20221122 11:52:53.893"/>
</kw>
<status status="PASS" starttime="20221122 11:52:53.846" endtime="20221122 11:52:53.894"/>
</test>
<doc>In this test suite, we are using mylib1 library</doc>
<status status="PASS" starttime="20221122 11:52:53.826" endtime="20221122 11:52:53.897"/>
</suite>
<status status="PASS" starttime="20221122 11:52:53.717" endtime="20221122 11:52:53.901"/>
</suite>
<statistics>
<total>
<stat pass="1" fail="0" skip="0">All Tests</stat>
</total>
<tag>
</tag>
<suite>
<stat pass="1" fail="0" skip="0" id="s1" name="Suites">Suites</stat>
<stat pass="1" fail="0" skip="0" id="s1-s1" name="Test Mylib1 Testsuite 21">Suites.Test Mylib1 Testsuite 21</stat>
</suite>
</statistics>
<errors>
</errors>
</robot>
