<?xml version="1.0" encoding="UTF-8"?>
<robot generator="Robot 6.0.1 (Python 3.10.5 on win32)" generated="20221122 11:52:56.260" rpa="false" schemaversion="3">
<suite id="s1" name="Suites">
<suite id="s1-s1" name="Test Screenshot Testsuite 27" source="C:\Users\Administrator\PycharmProjects\RFTraining\bin\day2\test_screenshot_testsuite_27.robot">
<test id="s1-s1-t1" name="My Test Case" line="8">
<kw name="Take Screenshot" library="Screenshot" type="SETUP">
<doc>Takes a screenshot in JPEG format and embeds it into the log file.</doc>
<msg timestamp="20221122 11:52:56.982" level="INFO" html="true">&lt;a href="screenshot_1.jpg"&gt;&lt;img src="screenshot_1.jpg" width="800px"&gt;&lt;/a&gt;</msg>
<status status="PASS" starttime="20221122 11:52:56.659" endtime="20221122 11:52:56.983"/>
</kw>
<kw name="Log To Console" library="BuiltIn">
<arg>\nHello C</arg>
<doc>Logs the given message to the console.</doc>
<status status="PASS" starttime="20221122 11:52:56.985" endtime="20221122 11:52:56.987"/>
</kw>
<kw name="Log To Console" library="BuiltIn">
<arg>\nHello C++</arg>
<doc>Logs the given message to the console.</doc>
<status status="PASS" starttime="20221122 11:52:56.988" endtime="20221122 11:52:56.989"/>
</kw>
<kw name="Log To Console" library="BuiltIn">
<arg>\nHello Java</arg>
<doc>Logs the given message to the console.</doc>
<status status="PASS" starttime="20221122 11:52:56.990" endtime="20221122 11:52:56.991"/>
</kw>
<kw name="Log To Console" library="BuiltIn">
<arg>\nHello Python</arg>
<doc>Logs the given message to the console.</doc>
<status status="PASS" starttime="20221122 11:52:56.991" endtime="20221122 11:52:56.993"/>
</kw>
<kw name="Take Screenshot" library="Screenshot" type="TEARDOWN">
<doc>Takes a screenshot in JPEG format and embeds it into the log file.</doc>
<msg timestamp="20221122 11:52:57.177" level="INFO" html="true">&lt;a href="screenshot_2.jpg"&gt;&lt;img src="screenshot_2.jpg" width="800px"&gt;&lt;/a&gt;</msg>
<status status="PASS" starttime="20221122 11:52:56.994" endtime="20221122 11:52:57.177"/>
</kw>
<status status="PASS" starttime="20221122 11:52:56.654" endtime="20221122 11:52:57.178"/>
</test>
<doc>We are testing standard library 'screenshot'</doc>
<status status="PASS" starttime="20221122 11:52:56.414" endtime="20221122 11:52:57.182"/>
</suite>
<status status="PASS" starttime="20221122 11:52:56.308" endtime="20221122 11:52:57.186"/>
</suite>
<statistics>
<total>
<stat pass="1" fail="0" skip="0">All Tests</stat>
</total>
<tag>
</tag>
<suite>
<stat pass="1" fail="0" skip="0" id="s1" name="Suites">Suites</stat>
<stat pass="1" fail="0" skip="0" id="s1-s1" name="Test Screenshot Testsuite 27">Suites.Test Screenshot Testsuite 27</stat>
</suite>
</statistics>
<errors>
</errors>
</robot>
