<?xml version="1.0" encoding="UTF-8"?>
<robot generator="Robot 6.0.1 (Python 3.10.5 on win32)" generated="20221122 11:52:51.490" rpa="false" schemaversion="3">
<suite id="s1" name="Suites">
<suite id="s1-s1" name="Test For Loop Testsuite 23" source="C:\Users\Administrator\PycharmProjects\RFTraining\bin\day2\test_for_loop_testsuite_23.robot">
<test id="s1-s1-t1" name="My List Test Case 1" line="9">
<for flavor="IN">
<var>${i}</var>
<value>@{my_list}</value>
<iter>
<var name="${i}">100</var>
<kw name="Log To Console" library="BuiltIn">
<arg>\nValue of i is: ${i}</arg>
<doc>Logs the given message to the console.</doc>
<status status="PASS" starttime="20221122 11:52:51.688" endtime="20221122 11:52:51.690"/>
</kw>
<status status="PASS" starttime="20221122 11:52:51.686" endtime="20221122 11:52:51.690"/>
</iter>
<iter>
<var name="${i}">200</var>
<kw name="Log To Console" library="BuiltIn">
<arg>\nValue of i is: ${i}</arg>
<doc>Logs the given message to the console.</doc>
<status status="PASS" starttime="20221122 11:52:51.692" endtime="20221122 11:52:51.694"/>
</kw>
<status status="PASS" starttime="20221122 11:52:51.691" endtime="20221122 11:52:51.695"/>
</iter>
<iter>
<var name="${i}">300</var>
<kw name="Log To Console" library="BuiltIn">
<arg>\nValue of i is: ${i}</arg>
<doc>Logs the given message to the console.</doc>
<status status="PASS" starttime="20221122 11:52:51.704" endtime="20221122 11:52:51.706"/>
</kw>
<status status="PASS" starttime="20221122 11:52:51.703" endtime="20221122 11:52:51.707"/>
</iter>
<status status="PASS" starttime="20221122 11:52:51.684" endtime="20221122 11:52:51.707"/>
</for>
<doc>print each value present in list</doc>
<status status="PASS" starttime="20221122 11:52:51.682" endtime="20221122 11:52:51.708"/>
</test>
<test id="s1-s1-t2" name="My List Test Case 2" line="15">
<for flavor="IN">
<var>${i}</var>
<value>@{my_list}</value>
<iter>
<var name="${i}">100</var>
<if>
<branch type="IF" condition="${i} == 300">
<break>
<status status="NOT RUN" starttime="20221122 11:52:51.716" endtime="20221122 11:52:51.717"/>
</break>
<status status="NOT RUN" starttime="20221122 11:52:51.716" endtime="20221122 11:52:51.717"/>
</branch>
<status status="PASS" starttime="20221122 11:52:51.715" endtime="20221122 11:52:51.718"/>
</if>
<kw name="Log To Console" library="BuiltIn">
<arg>\nValue of i is: ${i}</arg>
<doc>Logs the given message to the console.</doc>
<status status="PASS" starttime="20221122 11:52:51.718" endtime="20221122 11:52:51.719"/>
</kw>
<status status="PASS" starttime="20221122 11:52:51.714" endtime="20221122 11:52:51.720"/>
</iter>
<iter>
<var name="${i}">200</var>
<if>
<branch type="IF" condition="${i} == 300">
<break>
<status status="NOT RUN" starttime="20221122 11:52:51.722" endtime="20221122 11:52:51.723"/>
</break>
<status status="NOT RUN" starttime="20221122 11:52:51.721" endtime="20221122 11:52:51.723"/>
</branch>
<status status="PASS" starttime="20221122 11:52:51.721" endtime="20221122 11:52:51.723"/>
</if>
<kw name="Log To Console" library="BuiltIn">
<arg>\nValue of i is: ${i}</arg>
<doc>Logs the given message to the console.</doc>
<status status="PASS" starttime="20221122 11:52:51.724" endtime="20221122 11:52:51.725"/>
</kw>
<status status="PASS" starttime="20221122 11:52:51.720" endtime="20221122 11:52:51.726"/>
</iter>
<iter>
<var name="${i}">300</var>
<if>
<branch type="IF" condition="${i} == 300">
<break>
<status status="PASS" starttime="20221122 11:52:51.730" endtime="20221122 11:52:51.731"/>
</break>
<status status="PASS" starttime="20221122 11:52:51.729" endtime="20221122 11:52:51.731"/>
</branch>
<status status="PASS" starttime="20221122 11:52:51.728" endtime="20221122 11:52:51.732"/>
</if>
<kw name="Log To Console" library="BuiltIn">
<arg>\nValue of i is: ${i}</arg>
<doc>Logs the given message to the console.</doc>
<status status="NOT RUN" starttime="20221122 11:52:51.732" endtime="20221122 11:52:51.733"/>
</kw>
<status status="PASS" starttime="20221122 11:52:51.727" endtime="20221122 11:52:51.733"/>
</iter>
<status status="PASS" starttime="20221122 11:52:51.713" endtime="20221122 11:52:51.734"/>
</for>
<doc>If value is 300 then break the loop</doc>
<status status="PASS" starttime="20221122 11:52:51.711" endtime="20221122 11:52:51.735"/>
</test>
<test id="s1-s1-t3" name="My List Test Case 3" line="25">
<for flavor="IN">
<var>${i}</var>
<value>@{my_list}</value>
<iter>
<var name="${i}">100</var>
<if>
<branch type="IF" condition="${i} == 200">
<continue>
<status status="NOT RUN" starttime="20221122 11:52:51.743" endtime="20221122 11:52:51.744"/>
</continue>
<status status="NOT RUN" starttime="20221122 11:52:51.742" endtime="20221122 11:52:51.745"/>
</branch>
<status status="PASS" starttime="20221122 11:52:51.742" endtime="20221122 11:52:51.745"/>
</if>
<kw name="Log To Console" library="BuiltIn">
<arg>\nValue of i is: ${i}</arg>
<doc>Logs the given message to the console.</doc>
<status status="PASS" starttime="20221122 11:52:51.746" endtime="20221122 11:52:51.747"/>
</kw>
<status status="PASS" starttime="20221122 11:52:51.741" endtime="20221122 11:52:51.748"/>
</iter>
<iter>
<var name="${i}">200</var>
<if>
<branch type="IF" condition="${i} == 200">
<continue>
<status status="PASS" starttime="20221122 11:52:51.751" endtime="20221122 11:52:51.752"/>
</continue>
<status status="PASS" starttime="20221122 11:52:51.750" endtime="20221122 11:52:51.752"/>
</branch>
<status status="PASS" starttime="20221122 11:52:51.750" endtime="20221122 11:52:51.753"/>
</if>
<kw name="Log To Console" library="BuiltIn">
<arg>\nValue of i is: ${i}</arg>
<doc>Logs the given message to the console.</doc>
<status status="NOT RUN" starttime="20221122 11:52:51.753" endtime="20221122 11:52:51.754"/>
</kw>
<status status="PASS" starttime="20221122 11:52:51.749" endtime="20221122 11:52:51.754"/>
</iter>
<iter>
<var name="${i}">300</var>
<if>
<branch type="IF" condition="${i} == 200">
<continue>
<status status="NOT RUN" starttime="20221122 11:52:51.757" endtime="20221122 11:52:51.759"/>
</continue>
<status status="NOT RUN" starttime="20221122 11:52:51.756" endtime="20221122 11:52:51.759"/>
</branch>
<status status="PASS" starttime="20221122 11:52:51.756" endtime="20221122 11:52:51.760"/>
</if>
<kw name="Log To Console" library="BuiltIn">
<arg>\nValue of i is: ${i}</arg>
<doc>Logs the given message to the console.</doc>
<status status="PASS" starttime="20221122 11:52:51.761" endtime="20221122 11:52:51.763"/>
</kw>
<status status="PASS" starttime="20221122 11:52:51.755" endtime="20221122 11:52:51.764"/>
</iter>
<status status="PASS" starttime="20221122 11:52:51.739" endtime="20221122 11:52:51.765"/>
</for>
<doc>In between we can send for next iteration using 'continue'</doc>
<status status="PASS" starttime="20221122 11:52:51.737" endtime="20221122 11:52:51.767"/>
</test>
<test id="s1-s1-t4" name="My List Test Case 5" line="34">
<for flavor="IN ENUMERATE">
<var>${i}</var>
<var>${j}</var>
<value>@{my_list}</value>
<iter>
<var name="${i}">0</var>
<var name="${j}">100</var>
<kw name="Log To Console" library="BuiltIn">
<arg>\nIndex is: ${i} and value is: ${j}</arg>
<doc>Logs the given message to the console.</doc>
<status status="PASS" starttime="20221122 11:52:51.776" endtime="20221122 11:52:51.778"/>
</kw>
<status status="PASS" starttime="20221122 11:52:51.775" endtime="20221122 11:52:51.778"/>
</iter>
<iter>
<var name="${i}">1</var>
<var name="${j}">200</var>
<kw name="Log To Console" library="BuiltIn">
<arg>\nIndex is: ${i} and value is: ${j}</arg>
<doc>Logs the given message to the console.</doc>
<status status="PASS" starttime="20221122 11:52:51.780" endtime="20221122 11:52:51.781"/>
</kw>
<status status="PASS" starttime="20221122 11:52:51.779" endtime="20221122 11:52:51.781"/>
</iter>
<iter>
<var name="${i}">2</var>
<var name="${j}">300</var>
<kw name="Log To Console" library="BuiltIn">
<arg>\nIndex is: ${i} and value is: ${j}</arg>
<doc>Logs the given message to the console.</doc>
<status status="PASS" starttime="20221122 11:52:51.783" endtime="20221122 11:52:51.784"/>
</kw>
<status status="PASS" starttime="20221122 11:52:51.782" endtime="20221122 11:52:51.785"/>
</iter>
<status status="PASS" starttime="20221122 11:52:51.773" endtime="20221122 11:52:51.785"/>
</for>
<doc>We can use ENUMERATE to make (index, value) pair</doc>
<status status="PASS" starttime="20221122 11:52:51.771" endtime="20221122 11:52:51.786"/>
</test>
<test id="s1-s1-t5" name="My List Test Case 6" line="41">
<for flavor="IN ZIP">
<var>${i}</var>
<var>${j}</var>
<value>${my_list}</value>
<value>${my_list}</value>
<iter>
<var name="${i}">100</var>
<var name="${j}">100</var>
<kw name="Log To Console" library="BuiltIn">
<arg>\nValue of i is: ${i} and Value of j is: ${j}</arg>
<doc>Logs the given message to the console.</doc>
<status status="PASS" starttime="20221122 11:52:51.793" endtime="20221122 11:52:51.795"/>
</kw>
<status status="PASS" starttime="20221122 11:52:51.792" endtime="20221122 11:52:51.795"/>
</iter>
<iter>
<var name="${i}">200</var>
<var name="${j}">200</var>
<kw name="Log To Console" library="BuiltIn">
<arg>\nValue of i is: ${i} and Value of j is: ${j}</arg>
<doc>Logs the given message to the console.</doc>
<status status="PASS" starttime="20221122 11:52:51.799" endtime="20221122 11:52:51.801"/>
</kw>
<status status="PASS" starttime="20221122 11:52:51.797" endtime="20221122 11:52:51.802"/>
</iter>
<iter>
<var name="${i}">300</var>
<var name="${j}">300</var>
<kw name="Log To Console" library="BuiltIn">
<arg>\nValue of i is: ${i} and Value of j is: ${j}</arg>
<doc>Logs the given message to the console.</doc>
<status status="PASS" starttime="20221122 11:52:51.804" endtime="20221122 11:52:51.806"/>
</kw>
<status status="PASS" starttime="20221122 11:52:51.802" endtime="20221122 11:52:51.807"/>
</iter>
<status status="PASS" starttime="20221122 11:52:51.790" endtime="20221122 11:52:51.807"/>
</for>
<doc>We can use zip to make pair of 2 or more lists like [(100,100), (200, 200)]</doc>
<status status="PASS" starttime="20221122 11:52:51.787" endtime="20221122 11:52:51.808"/>
</test>
<test id="s1-s1-t6" name="My Dictionary Test Case 1" line="48">
<for flavor="IN">
<var>${item}</var>
<value>&amp;{my_dict}</value>
<iter>
<var name="${item}">('a', 100)</var>
<kw name="Log To Console" library="BuiltIn">
<arg>\n Item is: ${item}</arg>
<doc>Logs the given message to the console.</doc>
<status status="PASS" starttime="20221122 11:52:51.813" endtime="20221122 11:52:51.815"/>
</kw>
<status status="PASS" starttime="20221122 11:52:51.812" endtime="20221122 11:52:51.816"/>
</iter>
<iter>
<var name="${item}">('b', 200)</var>
<kw name="Log To Console" library="BuiltIn">
<arg>\n Item is: ${item}</arg>
<doc>Logs the given message to the console.</doc>
<status status="PASS" starttime="20221122 11:52:51.817" endtime="20221122 11:52:51.819"/>
</kw>
<status status="PASS" starttime="20221122 11:52:51.816" endtime="20221122 11:52:51.820"/>
</iter>
<iter>
<var name="${item}">('c', 300)</var>
<kw name="Log To Console" library="BuiltIn">
<arg>\n Item is: ${item}</arg>
<doc>Logs the given message to the console.</doc>
<status status="PASS" starttime="20221122 11:52:51.822" endtime="20221122 11:52:51.823"/>
</kw>
<status status="PASS" starttime="20221122 11:52:51.820" endtime="20221122 11:52:51.823"/>
</iter>
<status status="PASS" starttime="20221122 11:52:51.810" endtime="20221122 11:52:51.824"/>
</for>
<doc>We can iterate through keys</doc>
<status status="PASS" starttime="20221122 11:52:51.809" endtime="20221122 11:52:51.825"/>
</test>
<test id="s1-s1-t7" name="My Dictionary Test Case 2" line="55">
<for flavor="IN">
<var>${k}</var>
<var>${v}</var>
<value>&amp;{my_dict}</value>
<iter>
<var name="${k}">a</var>
<var name="${v}">100</var>
<kw name="Log To Console" library="BuiltIn">
<arg>\nKey is: ${k} and value is: ${v}</arg>
<doc>Logs the given message to the console.</doc>
<status status="PASS" starttime="20221122 11:52:51.830" endtime="20221122 11:52:51.832"/>
</kw>
<status status="PASS" starttime="20221122 11:52:51.829" endtime="20221122 11:52:51.832"/>
</iter>
<iter>
<var name="${k}">b</var>
<var name="${v}">200</var>
<kw name="Log To Console" library="BuiltIn">
<arg>\nKey is: ${k} and value is: ${v}</arg>
<doc>Logs the given message to the console.</doc>
<status status="PASS" starttime="20221122 11:52:51.835" endtime="20221122 11:52:51.837"/>
</kw>
<status status="PASS" starttime="20221122 11:52:51.833" endtime="20221122 11:52:51.837"/>
</iter>
<iter>
<var name="${k}">c</var>
<var name="${v}">300</var>
<kw name="Log To Console" library="BuiltIn">
<arg>\nKey is: ${k} and value is: ${v}</arg>
<doc>Logs the given message to the console.</doc>
<status status="PASS" starttime="20221122 11:52:51.840" endtime="20221122 11:52:51.841"/>
</kw>
<status status="PASS" starttime="20221122 11:52:51.838" endtime="20221122 11:52:51.842"/>
</iter>
<status status="PASS" starttime="20221122 11:52:51.828" endtime="20221122 11:52:51.842"/>
</for>
<doc>we can iterate through key and values</doc>
<status status="PASS" starttime="20221122 11:52:51.826" endtime="20221122 11:52:51.843"/>
</test>
<doc>In this file we are testing for loop</doc>
<meta name="For loop test Version 1.0"/>
<status status="PASS" starttime="20221122 11:52:51.662" endtime="20221122 11:52:51.846"/>
</suite>
<status status="PASS" starttime="20221122 11:52:51.547" endtime="20221122 11:52:51.855"/>
</suite>
<statistics>
<total>
<stat pass="7" fail="0" skip="0">All Tests</stat>
</total>
<tag>
</tag>
<suite>
<stat pass="7" fail="0" skip="0" id="s1" name="Suites">Suites</stat>
<stat pass="7" fail="0" skip="0" id="s1-s1" name="Test For Loop Testsuite 23">Suites.Test For Loop Testsuite 23</stat>
</suite>
</statistics>
<errors>
</errors>
</robot>
