<?xml version="1.0" encoding="UTF-8"?>
<robot generator="Robot 5.0.1 (Python 3.10.5 on win32)" generated="20221121 11:37:49.100" rpa="false" schemaversion="3">
<suite id="s1" name="Test Own Keywords With Named Args Testsuite 19" source="C:\Users\Administrator\PycharmProjects\RFTraining\bin\test_own_keywords_with_named_args_testsuite_19.robot">
<test id="s1-t1" name="My Test Case" line="6">
<kw name="My Own Keyword">
<arg>a=${10}</arg>
<arg>b=${20}</arg>
<arg>x=${30}</arg>
<arg>y=${40}</arg>
<kw name="Get Dictionary Values" library="Collections">
<var>${values}</var>
<arg>${c}</arg>
<doc>Returns values of the given ``dictionary`` as a list.</doc>
<msg timestamp="20221121 11:37:49.225" level="INFO">${values} = [30, 40]</msg>
<status status="PASS" starttime="20221121 11:37:49.225" endtime="20221121 11:37:49.225"/>
</kw>
<kw name="Evaluate" library="BuiltIn">
<var>${result}</var>
<arg>${a} + ${b} + sum(${values})</arg>
<doc>Evaluates the given expression in Python and returns the result.</doc>
<msg timestamp="20221121 11:37:49.225" level="INFO">${result} = 100</msg>
<status status="PASS" starttime="20221121 11:37:49.225" endtime="20221121 11:37:49.225"/>
</kw>
<kw name="Log To Console" library="BuiltIn">
<arg>\nAdd result is ${result}</arg>
<doc>Logs the given message to the console.</doc>
<status status="PASS" starttime="20221121 11:37:49.225" endtime="20221121 11:37:49.225"/>
</kw>
<kw name="Log" library="BuiltIn">
<arg>\nAdd result is ${result}</arg>
<doc>Logs the given message with the given level.</doc>
<msg timestamp="20221121 11:37:49.225" level="INFO">
Add result is 100</msg>
<status status="PASS" starttime="20221121 11:37:49.225" endtime="20221121 11:37:49.225"/>
</kw>
<status status="PASS" starttime="20221121 11:37:49.210" endtime="20221121 11:37:49.225"/>
</kw>
<status status="PASS" starttime="20221121 11:37:49.210" endtime="20221121 11:37:49.225"/>
</test>
<doc>Writing own keyword which takes named argument or keyword arguments</doc>
<status status="PASS" starttime="20221121 11:37:49.100" endtime="20221121 11:37:49.225"/>
</suite>
<statistics>
<total>
<stat pass="1" fail="0" skip="0">All Tests</stat>
</total>
<tag>
</tag>
<suite>
<stat pass="1" fail="0" skip="0" id="s1" name="Test Own Keywords With Named Args Testsuite 19">Test Own Keywords With Named Args Testsuite 19</stat>
</suite>
</statistics>
<errors>
</errors>
</robot>
